WARN https://moskva.fulledu.ru/school/m-ou-sychevskaya-srednyaya-obscheobrazovatelnaya-shkola/about/: HTTP Error 404: Not Found
Загрузка sitemap: https://moskva.fulledu.ru/sitemap.xml
К выгрузке: 8374 страниц
  detskiy-otdyh: 225
  sadik: 4564
  school: 3585
  200/8374 | сохранено 200 | ошибок 0 | 9.0 стр/с | 22s
  400/8374 | сохранено 400 | ошибок 0 | 9.4 стр/с | 42s
  600/8374 | сохранено 600 | ошибок 0 | 9.7 стр/с | 62s
  800/8374 | сохранено 800 | ошибок 0 | 9.7 стр/с | 82s
  1000/8374 | сохранено 1000 | ошибок 0 | 9.9 стр/с | 101s
  1200/8374 | сохранено 1200 | ошибок 0 | 10.0 стр/с | 120s
  1400/8374 | сохранено 1400 | ошибок 0 | 10.1 стр/с | 139s
  1600/8374 | сохранено 1600 | ошибок 0 | 10.5 стр/с | 152s
  1800/8374 | сохранено 1800 | ошибок 0 | 10.9 стр/с | 165s
  2000/8374 | сохранено 2000 | ошибок 0 | 11.3 стр/с | 177s
  2200/8374 | сохранено 2200 | ошибок 0 | 11.6 стр/с | 189s
  2400/8374 | сохранено 2400 | ошибок 0 | 11.8 стр/с | 203s
  2600/8374 | сохранено 2600 | ошибок 0 | 12.2 стр/с | 213s
  2800/8374 | сохранено 2800 | ошибок 0 | 12.5 стр/с | 224s
  3000/8374 | сохранено 3000 | ошибок 0 | 12.7 стр/с | 236s
  3200/8374 | сохранено 3200 | ошибок 0 | 12.9 стр/с | 248s
  3400/8374 | сохранено 3400 | ошибок 0 | 13.0 стр/с | 261s
  3600/8374 | сохранено 3600 | ошибок 0 | 13.1 стр/с | 274s
  3800/8374 | сохранено 3800 | ошибок 0 | 13.2 стр/с | 287s
  4000/8374 | сохранено 4000 | ошибок 0 | 13.3 стр/с | 302s
  4200/8374 | сохранено 4200 | ошибок 0 | 13.3 стр/с | 315s
  4400/8374 | сохранено 4400 | ошибок 0 | 13.4 стр/с | 327s
  4600/8374 | сохранено 4600 | ошибок 0 | 13.5 стр/с | 340s
  4800/8374 | сохранено 4800 | ошибок 0 | 13.7 стр/с | 351s
  5000/8374 | сохранено 5000 | ошибок 0 | 13.8 стр/с | 362s
  5200/8374 | сохранено 5200 | ошибок 0 | 13.9 стр/с | 374s
  5400/8374 | сохранено 5400 | ошибок 0 | 14.0 стр/с | 387s
  5600/8374 | сохранено 5600 | ошибок 0 | 14.0 стр/с | 399s
  5800/8374 | сохранено 5800 | ошибок 0 | 14.1 стр/с | 410s
  6000/8374 | сохранено 5999 | ошибок 1 | 14.2 стр/с | 423s
  6200/8374 | сохранено 6199 | ошибок 1 | 14.3 стр/с | 435s
  6400/8374 | сохранено 6399 | ошибок 1 | 14.4 стр/с | 446s
  6600/8374 | сохранено 6599 | ошибок 1 | 14.4 стр/с | 457s
  6800/8374 | сохранено 6799 | ошибок 1 | 14.5 стр/с | 470s
  7000/8374 | сохранено 6999 | ошибок 1 | 14.6 стр/с | 480s
  7200/8374 | сохранено 7199 | ошибок 1 | 14.6 стр/с | 492s
  7400/8374 | сохранено 7399 | ошибок 1 | 14.7 стр/с | 503s
  7600/8374 | сохранено 7599 | ошибок 1 | 14.8 стр/с | 515s
  7800/8374 | сохранено 7799 | ошибок 1 | 14.8 стр/с | 526s
  8000/8374 | сохранено 7999 | ошибок 1 | 14.9 стр/с | 538s
  8200/8374 | сохранено 8199 | ошибок 1 | 14.9 стр/с | 549s
  8374/8374 | сохранено 8373 | ошибок 1 | 15.0 стр/с | 559s
Готово: 16501 записей -> /Users/a1/Documents/GitHub/DanceShool/data/fulledu_moskva_institutions.csv
й, 630s)
  8600/9475 (8599 записей, 637s)
  8700/9475 (8699 записей, 649s)
  8800/9475 (8799 записей, 666s)
  8900/9475 (8899 записей, 683s)
  9000/9475 (8999 записей, 698s)
  9100/9475 (9099 записей, 714s)
  9200/9475 (9199 записей, 728s)
  9300/9475 (9299 записей, 744s)
  9400/9475 (9399 записей, 761s)
  9475/9475 (9474 записей, 777s)
Готово: 9474 записей -> /Users/a1/Documents/GitHub/DanceShool/data/fulledu_moskva_institutions.csv
